<?xml version="1.0" encoding="UTF-8"?>
<testng-results ignored="0" total="3" passed="3" failed="0" skipped="0">
  <reporter-output>
  </reporter-output>
  <suite started-at="2022-04-03T20:31:39Z" name="Default suite" finished-at="2022-04-03T20:32:36Z" duration-ms="57561">
    <groups>
      <group name="cucumber">
        <method signature="AbstractTestNGCucumberTests.runScenario(io.cucumber.testng.PickleWrapper, io.cucumber.testng.FeatureWrapper)[pri:0, instance:com.testrunner.testrunner@57ad2aa7]" name="runScenario" class="io.cucumber.testng.AbstractTestNGCucumberTests"/>
      </group> <!-- cucumber -->
    </groups>
    <test started-at="2022-04-03T20:31:39Z" name="Default test" finished-at="2022-04-03T20:32:36Z" duration-ms="57561">
      <class name="com.testrunner.testrunner">
        <test-method is-config="true" signature="setUpClass(org.testng.ITestContext)[pri:0, instance:com.testrunner.testrunner@57ad2aa7]" started-at="2022-04-03T16:31:39Z" name="setUpClass" finished-at="2022-04-03T16:31:39Z" duration-ms="379" status="PASS">
          <params>
            <param index="0">
              <value>
                <![CDATA[org.testng.TestRunner@434514d8]]>
              </value>
            </param>
          </params>
          <reporter-output>
          </reporter-output>
        </test-method> <!-- setUpClass -->
        <test-method signature="runScenario(io.cucumber.testng.PickleWrapper, io.cucumber.testng.FeatureWrapper)[pri:0, instance:com.testrunner.testrunner@57ad2aa7]" started-at="2022-04-03T16:31:39Z" name="runScenario" description="Runs Cucumber Scenarios" data-provider="scenarios" finished-at="2022-04-03T16:32:00Z" duration-ms="20548" status="PASS">
          <params>
            <param index="0">
              <value>
                <![CDATA["Verify the error message by creating a invalid account"]]>
              </value>
            </param>
            <param index="1">
              <value>
                <![CDATA["Optional[Create an account]"]]>
              </value>
            </param>
          </params>
          <reporter-output>
          </reporter-output>
        </test-method> <!-- runScenario -->
        <test-method signature="runScenario(io.cucumber.testng.PickleWrapper, io.cucumber.testng.FeatureWrapper)[pri:0, instance:com.testrunner.testrunner@57ad2aa7]" started-at="2022-04-03T16:32:00Z" name="runScenario" description="Runs Cucumber Scenarios" data-provider="scenarios" finished-at="2022-04-03T16:32:18Z" duration-ms="18964" status="PASS">
          <params>
            <param index="0">
              <value>
                <![CDATA["Verify the error message by creating a invalid account"]]>
              </value>
            </param>
            <param index="1">
              <value>
                <![CDATA["Optional[Create an account]"]]>
              </value>
            </param>
          </params>
          <reporter-output>
          </reporter-output>
        </test-method> <!-- runScenario -->
        <test-method signature="runScenario(io.cucumber.testng.PickleWrapper, io.cucumber.testng.FeatureWrapper)[pri:0, instance:com.testrunner.testrunner@57ad2aa7]" started-at="2022-04-03T16:32:18Z" name="runScenario" description="Runs Cucumber Scenarios" data-provider="scenarios" finished-at="2022-04-03T16:32:36Z" duration-ms="17611" status="PASS">
          <params>
            <param index="0">
              <value>
                <![CDATA["Verify the error message by creating a invalid account"]]>
              </value>
            </param>
            <param index="1">
              <value>
                <![CDATA["Optional[Create an account]"]]>
              </value>
            </param>
          </params>
          <reporter-output>
          </reporter-output>
        </test-method> <!-- runScenario -->
        <test-method is-config="true" signature="tearDownClass()[pri:0, instance:com.testrunner.testrunner@57ad2aa7]" started-at="2022-04-03T16:32:36Z" name="tearDownClass" finished-at="2022-04-03T16:32:36Z" duration-ms="26" status="PASS">
          <reporter-output>
          </reporter-output>
        </test-method> <!-- tearDownClass -->
      </class> <!-- com.testrunner.testrunner -->
    </test> <!-- Default test -->
  </suite> <!-- Default suite -->
</testng-results>
